<?xml version="1.0" encoding="UTF-8"?>
<robot generator="Robot 4.1.2 (Python 3.10.0 on win32)" generated="20220203 10:51:33.132" rpa="false" schemaversion="2">
<suite id="s1" name="addPolicy" source="C:\Users\chaitanya.k\PycharmProjects\PaisaPlan\Corporate\Tests\addPolicy.robot">
<test id="s1-t1" name="Add Policy">
<kw name="Open Website" library="corporateRes">
<kw name="Open Browser" library="SeleniumLibrary">
<arg>${URL}</arg>
<arg>${BROWSER}</arg>
<doc>Opens a new browser instance to the optional ``url``.</doc>
<msg timestamp="20220203 10:51:33.625" level="INFO">Opening browser 'chrome' to base url 'https://uat.paisaplan.in/corporate'.</msg>
<status status="PASS" starttime="20220203 10:51:33.625" endtime="20220203 10:51:42.617"/>
</kw>
<kw name="Maximize Browser Window" library="SeleniumLibrary">
<doc>Maximizes current browser window.</doc>
<status status="PASS" starttime="20220203 10:51:42.617" endtime="20220203 10:51:42.729"/>
</kw>
<status status="PASS" starttime="20220203 10:51:33.624" endtime="20220203 10:51:42.729"/>
</kw>
<kw name="Login User" library="corporateRes">
<kw name="Click Button" library="SeleniumLibrary">
<arg>${LOGIN-BUTTON}</arg>
<doc>Clicks the button identified by ``locator``.</doc>
<msg timestamp="20220203 10:51:42.731" level="INFO">Clicking button '//html/body/div/div[2]/div/div[3]/button[1]'.</msg>
<status status="PASS" starttime="20220203 10:51:42.731" endtime="20220203 10:51:45.463"/>
</kw>
<kw name="Input Text" library="SeleniumLibrary">
<arg>${USERNAME}</arg>
<arg>santosh.n</arg>
<doc>Types the given ``text`` into the text field identified by ``locator``.</doc>
<msg timestamp="20220203 10:51:45.464" level="INFO">Typing text 'santosh.n' into text field 'id = username'.</msg>
<status status="PASS" starttime="20220203 10:51:45.463" endtime="20220203 10:51:45.528"/>
</kw>
<kw name="Input Password" library="SeleniumLibrary">
<arg>${PASSWORD}</arg>
<arg>test</arg>
<doc>Types the given password into the text field identified by ``locator``.</doc>
<msg timestamp="20220203 10:51:45.528" level="INFO">Typing password into text field 'id = password'.</msg>
<msg timestamp="20220203 10:51:45.567" level="INFO">Temporally setting log level to: NONE</msg>
<msg timestamp="20220203 10:51:45.604" level="INFO">Log level changed from NONE to INFO.</msg>
<status status="PASS" starttime="20220203 10:51:45.528" endtime="20220203 10:51:45.604"/>
</kw>
<kw name="Wait Until Page Contains Element" library="SeleniumLibrary">
<arg>${SUBMIT}</arg>
<doc>Waits until the element ``locator`` appears on the current page.</doc>
<status status="PASS" starttime="20220203 10:51:45.604" endtime="20220203 10:51:45.611"/>
</kw>
<kw name="Click Element" library="SeleniumLibrary">
<arg>${SUBMIT}</arg>
<doc>Click the element identified by ``locator``.</doc>
<msg timestamp="20220203 10:51:45.611" level="INFO">Clicking element '//input[@id='kc-login']'.</msg>
<status status="PASS" starttime="20220203 10:51:45.611" endtime="20220203 10:51:45.933"/>
</kw>
<status status="PASS" starttime="20220203 10:51:42.730" endtime="20220203 10:51:45.933"/>
</kw>
<kw name="Wait Until Page Contains Element" library="SeleniumLibrary">
<arg>${ADD-AN-EXISTING-POLICY}</arg>
<doc>Waits until the element ``locator`` appears on the current page.</doc>
<status status="PASS" starttime="20220203 10:51:45.934" endtime="20220203 10:51:48.804"/>
</kw>
<kw name="Click Element" library="SeleniumLibrary">
<arg>${ADD-AN-EXISTING-POLICY}</arg>
<doc>Click the element identified by ``locator``.</doc>
<msg timestamp="20220203 10:51:48.805" level="INFO">Clicking element '//span[normalize-space()='ADD AN EXISTING POLICY']'.</msg>
<status status="PASS" starttime="20220203 10:51:48.804" endtime="20220203 10:51:48.991"/>
</kw>
<kw name="Wait Until Page Contains Element" library="SeleniumLibrary">
<arg>${PROCEED}</arg>
<doc>Waits until the element ``locator`` appears on the current page.</doc>
<status status="PASS" starttime="20220203 10:51:48.991" endtime="20220203 10:51:49.027"/>
</kw>
<kw name="Click Element" library="SeleniumLibrary">
<arg>${PROCEED}</arg>
<doc>Click the element identified by ``locator``.</doc>
<msg timestamp="20220203 10:51:49.028" level="INFO">Clicking element '//span[normalize-space()='Proceed']'.</msg>
<status status="PASS" starttime="20220203 10:51:49.028" endtime="20220203 10:51:49.119"/>
</kw>
<kw name="Wait Until Page Contains Element" library="SeleniumLibrary">
<arg>${UPLOAD-DOCUMENT}</arg>
<doc>Waits until the element ``locator`` appears on the current page.</doc>
<status status="PASS" starttime="20220203 10:51:49.120" endtime="20220203 10:51:50.436"/>
</kw>
<kw name="Click Element" library="SeleniumLibrary">
<arg>${UPLOAD-DOCUMENT}</arg>
<doc>Click the element identified by ``locator``.</doc>
<msg timestamp="20220203 10:51:50.436" level="INFO">Clicking element '//button[normalize-space()='Upload Document']'.</msg>
<status status="PASS" starttime="20220203 10:51:50.436" endtime="20220203 10:51:50.468"/>
</kw>
<kw name="Click Element" library="SeleniumLibrary">
<arg>${UPLOAD-BUTTON}</arg>
<doc>Click the element identified by ``locator``.</doc>
<msg timestamp="20220203 10:51:50.468" level="INFO">Clicking element '//img[@alt='File Input']'.</msg>
<status status="PASS" starttime="20220203 10:51:50.468" endtime="20220203 10:51:50.500"/>
</kw>
<kw name="Document Uploading" library="corporateRes">
<arg>C:\\Users\\chaitanya.k\\Downloads\\policy</arg>
<kw name="Sleep" library="BuiltIn">
<arg>1s</arg>
<doc>Pauses the test executed for the given time.</doc>
<msg timestamp="20220203 10:51:51.504" level="INFO">Slept 1 second</msg>
<status status="PASS" starttime="20220203 10:51:50.500" endtime="20220203 10:51:51.504"/>
</kw>
<kw name="Wait For Active Window" library="AutoItLibrary">
<arg>WindowTitle=Open</arg>
<doc>Wait up to _TimeOut_ seconds for the window with the given _WindowTitle_ and optional
_WindowText_ to appear. Force this to be the active window after it appears.  Optionally do a
full screen capture on failure.</doc>
<msg timestamp="20220203 10:51:52.062" level="INFO">AutoItLibrary.WaitForActiveWindow(WindowTitle='Open', WindowText='', TimeOut=-1)</msg>
<msg timestamp="20220203 10:51:52.062" level="INFO">AutoItLibrary.WinWait(WindowTitle='Open', WindowText='', TimeOut=60)</msg>
<msg timestamp="20220203 10:51:52.062" level="INFO">AutoItLibrary.WinWaitActive(WindowTitle='Open', WindowText='', TimeOut=60)</msg>
<status status="PASS" starttime="20220203 10:51:51.504" endtime="20220203 10:51:52.062"/>
</kw>
<kw name="Win Activate" library="AutoItLibrary">
<arg>Open</arg>
<doc>method WinActivate</doc>
<status status="PASS" starttime="20220203 10:51:52.062" endtime="20220203 10:51:52.591"/>
</kw>
<kw name="Send" library="AutoItLibrary">
<arg>strSendText= ${FileType}</arg>
<doc>method Send</doc>
<status status="PASS" starttime="20220203 10:51:52.592" endtime="20220203 10:51:53.026"/>
</kw>
<kw name="Sleep" library="BuiltIn">
<arg>2s</arg>
<doc>Pauses the test executed for the given time.</doc>
<msg timestamp="20220203 10:51:55.031" level="INFO">Slept 2 seconds</msg>
<status status="PASS" starttime="20220203 10:51:53.026" endtime="20220203 10:51:55.031"/>
</kw>
<kw name="Control Click" library="AutoItLibrary">
<arg>Open</arg>
<arg>&amp;Open</arg>
<arg>[CLASS:Button; INSTANCE:1]</arg>
<arg>LEFT</arg>
<doc>method ControlClick</doc>
<status status="PASS" starttime="20220203 10:51:55.031" endtime="20220203 10:51:55.052"/>
</kw>
<status status="PASS" starttime="20220203 10:51:50.500" endtime="20220203 10:51:55.052"/>
</kw>
<status status="PASS" starttime="20220203 10:51:33.624" endtime="20220203 10:51:55.052"/>
</test>
<status status="PASS" starttime="20220203 10:51:33.135" endtime="20220203 10:51:55.053"/>
</suite>
<statistics>
<total>
<stat pass="1" fail="0" skip="0">All Tests</stat>
</total>
<tag>
</tag>
<suite>
<stat pass="1" fail="0" skip="0" id="s1" name="addPolicy">addPolicy</stat>
</suite>
</statistics>
<errors>
</errors>
</robot>
