<?xml version="1.0" encoding="UTF-8"?>
<robot generator="Robot 4.1.3 (Python 3.10.2 on win32)" generated="20220211 10:02:38.923" rpa="false" schemaversion="2">
<suite id="s1" name="Tests" source="C:\Users\chaitanya\Downloads\PaisaPlan\Corporate\Tests">
<suite id="s1-s1" name="addingAnnexure" source="C:\Users\chaitanya\Downloads\PaisaPlan\Corporate\Tests\addingAnnexure.robot">
<test id="s1-s1-t1" name="Add Annexutre">
<kw name="Open Website" library="corporateRes">
<kw name="Open Browser" library="SeleniumLibrary">
<arg>${URL}</arg>
<arg>${BROWSER}</arg>
<doc>Opens a new browser instance to the optional ``url``.</doc>
<msg timestamp="20220211 10:02:39.116" level="INFO">Opening browser 'chrome' to base url 'https://uat.paisaplan.in/corporate'.</msg>
<status status="PASS" starttime="20220211 10:02:39.116" endtime="20220211 10:02:41.065"/>
</kw>
<kw name="Maximize Browser Window" library="SeleniumLibrary">
<doc>Maximizes current browser window.</doc>
<status status="PASS" starttime="20220211 10:02:41.065" endtime="20220211 10:02:41.190"/>
</kw>
<status status="PASS" starttime="20220211 10:02:39.115" endtime="20220211 10:02:41.190"/>
</kw>
<kw name="Login User" library="corporateRes">
<kw name="Click Button" library="SeleniumLibrary">
<arg>${LOGIN-BUTTON}</arg>
<doc>Clicks the button identified by ``locator``.</doc>
<msg timestamp="20220211 10:02:41.191" level="INFO">Clicking button '//html/body/div/div[2]/div/div[3]/button[1]'.</msg>
<status status="PASS" starttime="20220211 10:02:41.191" endtime="20220211 10:02:42.340"/>
</kw>
<kw name="Input Text" library="SeleniumLibrary">
<arg>${USERNAME}</arg>
<arg>santosh.n</arg>
<doc>Types the given ``text`` into the text field identified by ``locator``.</doc>
<msg timestamp="20220211 10:02:42.340" level="INFO">Typing text 'santosh.n' into text field 'id = username'.</msg>
<status status="PASS" starttime="20220211 10:02:42.340" endtime="20220211 10:02:42.419"/>
</kw>
<kw name="Input Password" library="SeleniumLibrary">
<arg>${PASSWORD}</arg>
<arg>test</arg>
<doc>Types the given password into the text field identified by ``locator``.</doc>
<msg timestamp="20220211 10:02:42.419" level="INFO">Typing password into text field 'id = password'.</msg>
<msg timestamp="20220211 10:02:42.454" level="INFO">Temporally setting log level to: NONE</msg>
<msg timestamp="20220211 10:02:42.490" level="INFO">Log level changed from NONE to INFO.</msg>
<status status="PASS" starttime="20220211 10:02:42.419" endtime="20220211 10:02:42.490"/>
</kw>
<kw name="Wait Until Page Contains Element" library="SeleniumLibrary">
<arg>${SUBMIT}</arg>
<doc>Waits until the element ``locator`` appears on the current page.</doc>
<status status="PASS" starttime="20220211 10:02:42.490" endtime="20220211 10:02:42.501"/>
</kw>
<kw name="Click Element" library="SeleniumLibrary">
<arg>${SUBMIT}</arg>
<doc>Click the element identified by ``locator``.</doc>
<msg timestamp="20220211 10:02:42.502" level="INFO">Clicking element '//input[@id='kc-login']'.</msg>
<status status="PASS" starttime="20220211 10:02:42.501" endtime="20220211 10:02:42.782"/>
</kw>
<status status="PASS" starttime="20220211 10:02:41.191" endtime="20220211 10:02:42.782"/>
</kw>
<kw name="View all" library="corporateRes">
<kw name="Wait Until Page Contains Element" library="SeleniumLibrary">
<arg>${VIEW-ALL}</arg>
<doc>Waits until the element ``locator`` appears on the current page.</doc>
<status status="PASS" starttime="20220211 10:02:42.783" endtime="20220211 10:02:45.396"/>
</kw>
<kw name="Click Element" library="SeleniumLibrary">
<arg>${VIEW-ALL}</arg>
<doc>Click the element identified by ``locator``.</doc>
<msg timestamp="20220211 10:02:45.396" level="INFO">Clicking element '//a[normalize-space()='ViewAll']'.</msg>
<status status="PASS" starttime="20220211 10:02:45.396" endtime="20220211 10:02:45.594"/>
</kw>
<status status="PASS" starttime="20220211 10:02:42.782" endtime="20220211 10:02:45.595"/>
</kw>
<kw name="Add Annexure" library="corporateRes">
<kw name="Policy Tile" library="corporateRes">
<kw name="Wait Until Page Contains Element" library="SeleniumLibrary">
<arg>${POLICY-TILE}</arg>
<doc>Waits until the element ``locator`` appears on the current page.</doc>
<status status="PASS" starttime="20220211 10:02:45.596" endtime="20220211 10:02:46.801"/>
</kw>
<kw name="Click Element" library="SeleniumLibrary">
<arg>${POLICY-TILE}</arg>
<doc>Click the element identified by ``locator``.</doc>
<msg timestamp="20220211 10:02:46.802" level="INFO">Clicking element '//html[1]/body[1]/div[1]/div[1]/div[1]/div[2]/div[1]/div[2]/div[2]/div[1]/a[1]/div[1]/div[1]/div[1]/div[1]/img[1]'.</msg>
<status status="PASS" starttime="20220211 10:02:46.801" endtime="20220211 10:02:46.879"/>
</kw>
<status status="PASS" starttime="20220211 10:02:45.596" endtime="20220211 10:02:46.879"/>
</kw>
<kw name="Sleep" library="BuiltIn">
<arg>1s</arg>
<doc>Pauses the test executed for the given time.</doc>
<msg timestamp="20220211 10:02:47.894" level="INFO">Slept 1 second</msg>
<status status="PASS" starttime="20220211 10:02:46.879" endtime="20220211 10:02:47.894"/>
</kw>
<kw name="Execute Javascript" library="SeleniumLibrary">
<arg>window.scrollTo(0, document.body.scrollHeight)</arg>
<doc>Executes the given JavaScript code with possible arguments.</doc>
<msg timestamp="20220211 10:02:47.895" level="INFO">Executing JavaScript:
window.scrollTo(0, document.body.scrollHeight)
Without any arguments.</msg>
<status status="PASS" starttime="20220211 10:02:47.894" endtime="20220211 10:02:47.902"/>
</kw>
<kw name="Wait Until Page Contains Element" library="SeleniumLibrary">
<arg>${ANNEXURE-PROCEED}</arg>
<doc>Waits until the element ``locator`` appears on the current page.</doc>
<status status="PASS" starttime="20220211 10:02:47.902" endtime="20220211 10:02:47.912"/>
</kw>
<kw name="Click Element" library="SeleniumLibrary">
<arg>${ANNEXURE-PROCEED}</arg>
<doc>Click the element identified by ``locator``.</doc>
<msg timestamp="20220211 10:02:47.913" level="INFO">Clicking element '//img[@alt='proceedArrow']'.</msg>
<status status="PASS" starttime="20220211 10:02:47.913" endtime="20220211 10:02:47.983"/>
</kw>
<kw name="Wait Until Page Contains Element" library="SeleniumLibrary">
<arg>${UPLOAD-DOCUMENT}</arg>
<doc>Waits until the element ``locator`` appears on the current page.</doc>
<status status="PASS" starttime="20220211 10:02:47.983" endtime="20220211 10:02:49.103"/>
</kw>
<kw name="Click Element" library="SeleniumLibrary">
<arg>${UPLOAD-DOCUMENT}</arg>
<doc>Click the element identified by ``locator``.</doc>
<msg timestamp="20220211 10:02:49.103" level="INFO">Clicking element '//button[normalize-space()='Upload Document']'.</msg>
<status status="PASS" starttime="20220211 10:02:49.103" endtime="20220211 10:02:49.141"/>
</kw>
<kw name="Choose File" library="SeleniumLibrary">
<arg>id=file-input</arg>
<arg>C:\\Users\\chaitanya\\Downloads\\PaisaPlan\\Corporate\\Resources${/}Asset Annexure.xlsx</arg>
<doc>Inputs the ``file_path`` into the file input field ``locator``.</doc>
<msg timestamp="20220211 10:02:49.141" level="INFO">Sending C:\Users\chaitanya\Downloads\PaisaPlan\Corporate\Resources\Asset Annexure.xlsx to browser.</msg>
<status status="PASS" starttime="20220211 10:02:49.141" endtime="20220211 10:02:49.173"/>
</kw>
<status status="PASS" starttime="20220211 10:02:45.595" endtime="20220211 10:02:49.173"/>
</kw>
<status status="PASS" starttime="20220211 10:02:39.115" endtime="20220211 10:02:49.173"/>
</test>
<status status="PASS" starttime="20220211 10:02:38.945" endtime="20220211 10:02:49.174"/>
</suite>
<suite id="s1-s2" name="addPolicy" source="C:\Users\chaitanya\Downloads\PaisaPlan\Corporate\Tests\addPolicy.robot">
<test id="s1-s2-t1" name="Add Policy">
<kw name="Open Website" library="corporateRes">
<kw name="Open Browser" library="SeleniumLibrary">
<arg>${URL}</arg>
<arg>${BROWSER}</arg>
<doc>Opens a new browser instance to the optional ``url``.</doc>
<msg timestamp="20220211 10:02:49.182" level="INFO">Opening browser 'chrome' to base url 'https://uat.paisaplan.in/corporate'.</msg>
<status status="PASS" starttime="20220211 10:02:49.182" endtime="20220211 10:02:50.594"/>
</kw>
<kw name="Maximize Browser Window" library="SeleniumLibrary">
<doc>Maximizes current browser window.</doc>
<status status="PASS" starttime="20220211 10:02:50.594" endtime="20220211 10:02:50.711"/>
</kw>
<status status="PASS" starttime="20220211 10:02:49.182" endtime="20220211 10:02:50.711"/>
</kw>
<kw name="Login User" library="corporateRes">
<kw name="Click Button" library="SeleniumLibrary">
<arg>${LOGIN-BUTTON}</arg>
<doc>Clicks the button identified by ``locator``.</doc>
<msg timestamp="20220211 10:02:50.712" level="INFO">Clicking button '//html/body/div/div[2]/div/div[3]/button[1]'.</msg>
<status status="PASS" starttime="20220211 10:02:50.712" endtime="20220211 10:02:51.443"/>
</kw>
<kw name="Input Text" library="SeleniumLibrary">
<arg>${USERNAME}</arg>
<arg>santosh.n</arg>
<doc>Types the given ``text`` into the text field identified by ``locator``.</doc>
<msg timestamp="20220211 10:02:51.443" level="INFO">Typing text 'santosh.n' into text field 'id = username'.</msg>
<status status="PASS" starttime="20220211 10:02:51.443" endtime="20220211 10:02:51.517"/>
</kw>
<kw name="Input Password" library="SeleniumLibrary">
<arg>${PASSWORD}</arg>
<arg>test</arg>
<doc>Types the given password into the text field identified by ``locator``.</doc>
<msg timestamp="20220211 10:02:51.517" level="INFO">Typing password into text field 'id = password'.</msg>
<msg timestamp="20220211 10:02:51.558" level="INFO">Temporally setting log level to: NONE</msg>
<msg timestamp="20220211 10:02:51.600" level="INFO">Log level changed from NONE to INFO.</msg>
<status status="PASS" starttime="20220211 10:02:51.517" endtime="20220211 10:02:51.600"/>
</kw>
<kw name="Wait Until Page Contains Element" library="SeleniumLibrary">
<arg>${SUBMIT}</arg>
<doc>Waits until the element ``locator`` appears on the current page.</doc>
<status status="PASS" starttime="20220211 10:02:51.600" endtime="20220211 10:02:51.609"/>
</kw>
<kw name="Click Element" library="SeleniumLibrary">
<arg>${SUBMIT}</arg>
<doc>Click the element identified by ``locator``.</doc>
<msg timestamp="20220211 10:02:51.610" level="INFO">Clicking element '//input[@id='kc-login']'.</msg>
<status status="PASS" starttime="20220211 10:02:51.609" endtime="20220211 10:02:51.905"/>
</kw>
<status status="PASS" starttime="20220211 10:02:50.712" endtime="20220211 10:02:51.905"/>
</kw>
<kw name="Wait Until Page Contains Element" library="SeleniumLibrary">
<arg>${ADD-AN-EXISTING-POLICY}</arg>
<doc>Waits until the element ``locator`` appears on the current page.</doc>
<status status="PASS" starttime="20220211 10:02:51.905" endtime="20220211 10:02:53.182"/>
</kw>
<kw name="Click Element" library="SeleniumLibrary">
<arg>${ADD-AN-EXISTING-POLICY}</arg>
<doc>Click the element identified by ``locator``.</doc>
<msg timestamp="20220211 10:02:53.183" level="INFO">Clicking element '//span[normalize-space()='ADD AN EXISTING POLICY']'.</msg>
<status status="PASS" starttime="20220211 10:02:53.182" endtime="20220211 10:02:53.323"/>
</kw>
<kw name="Wait Until Page Contains Element" library="SeleniumLibrary">
<arg>${PROCEED}</arg>
<doc>Waits until the element ``locator`` appears on the current page.</doc>
<status status="PASS" starttime="20220211 10:02:53.323" endtime="20220211 10:02:53.338"/>
</kw>
<kw name="Click Element" library="SeleniumLibrary">
<arg>${PROCEED}</arg>
<doc>Click the element identified by ``locator``.</doc>
<msg timestamp="20220211 10:02:53.339" level="INFO">Clicking element '//span[normalize-space()='Proceed']'.</msg>
<status status="PASS" starttime="20220211 10:02:53.339" endtime="20220211 10:02:53.417"/>
</kw>
<kw name="Wait Until Page Contains Element" library="SeleniumLibrary">
<arg>${UPLOAD-DOCUMENT}</arg>
<doc>Waits until the element ``locator`` appears on the current page.</doc>
<status status="PASS" starttime="20220211 10:02:53.418" endtime="20220211 10:02:53.668"/>
</kw>
<kw name="Click Element" library="SeleniumLibrary">
<arg>${UPLOAD-DOCUMENT}</arg>
<doc>Click the element identified by ``locator``.</doc>
<msg timestamp="20220211 10:02:53.669" level="INFO">Clicking element '//button[normalize-space()='Upload Document']'.</msg>
<status status="PASS" starttime="20220211 10:02:53.668" endtime="20220211 10:02:53.708"/>
</kw>
<kw name="Upload File" library="corporateRes">
<kw name="Choose File" library="SeleniumLibrary">
<arg>id=file-input</arg>
<arg>C:\\Users\\chaitanya\\Downloads\\PaisaPlan\\Corporate\\Resources${/}policy.pdf</arg>
<doc>Inputs the ``file_path`` into the file input field ``locator``.</doc>
<msg timestamp="20220211 10:02:53.710" level="INFO">Sending C:\Users\chaitanya\Downloads\PaisaPlan\Corporate\Resources\policy.pdf to browser.</msg>
<status status="PASS" starttime="20220211 10:02:53.709" endtime="20220211 10:02:53.747"/>
</kw>
<status status="PASS" starttime="20220211 10:02:53.708" endtime="20220211 10:02:53.747"/>
</kw>
<status status="PASS" starttime="20220211 10:02:49.181" endtime="20220211 10:02:53.748"/>
</test>
<status status="PASS" starttime="20220211 10:02:49.176" endtime="20220211 10:02:53.750"/>
</suite>
<suite id="s1-s3" name="addPolicyManually" source="C:\Users\chaitanya\Downloads\PaisaPlan\Corporate\Tests\addPolicyManually.robot">
<test id="s1-s3-t1" name="Adding policy Manually">
<kw name="Open Website" library="corporateRes">
<kw name="Open Browser" library="SeleniumLibrary">
<arg>${URL}</arg>
<arg>${BROWSER}</arg>
<doc>Opens a new browser instance to the optional ``url``.</doc>
<msg timestamp="20220211 10:02:53.758" level="INFO">Opening browser 'chrome' to base url 'https://uat.paisaplan.in/corporate'.</msg>
<status status="PASS" starttime="20220211 10:02:53.758" endtime="20220211 10:02:55.348"/>
</kw>
<kw name="Maximize Browser Window" library="SeleniumLibrary">
<doc>Maximizes current browser window.</doc>
<status status="PASS" starttime="20220211 10:02:55.348" endtime="20220211 10:02:55.461"/>
</kw>
<status status="PASS" starttime="20220211 10:02:53.757" endtime="20220211 10:02:55.462"/>
</kw>
<kw name="Login User" library="corporateRes">
<kw name="Click Button" library="SeleniumLibrary">
<arg>${LOGIN-BUTTON}</arg>
<doc>Clicks the button identified by ``locator``.</doc>
<msg timestamp="20220211 10:02:55.463" level="INFO">Clicking button '//html/body/div/div[2]/div/div[3]/button[1]'.</msg>
<status status="PASS" starttime="20220211 10:02:55.462" endtime="20220211 10:02:56.200"/>
</kw>
<kw name="Input Text" library="SeleniumLibrary">
<arg>${USERNAME}</arg>
<arg>santosh.n</arg>
<doc>Types the given ``text`` into the text field identified by ``locator``.</doc>
<msg timestamp="20220211 10:02:56.200" level="INFO">Typing text 'santosh.n' into text field 'id = username'.</msg>
<status status="PASS" starttime="20220211 10:02:56.200" endtime="20220211 10:02:56.285"/>
</kw>
<kw name="Input Password" library="SeleniumLibrary">
<arg>${PASSWORD}</arg>
<arg>test</arg>
<doc>Types the given password into the text field identified by ``locator``.</doc>
<msg timestamp="20220211 10:02:56.286" level="INFO">Typing password into text field 'id = password'.</msg>
<msg timestamp="20220211 10:02:56.329" level="INFO">Temporally setting log level to: NONE</msg>
<msg timestamp="20220211 10:02:56.370" level="INFO">Log level changed from NONE to INFO.</msg>
<status status="PASS" starttime="20220211 10:02:56.285" endtime="20220211 10:02:56.370"/>
</kw>
<kw name="Wait Until Page Contains Element" library="SeleniumLibrary">
<arg>${SUBMIT}</arg>
<doc>Waits until the element ``locator`` appears on the current page.</doc>
<status status="PASS" starttime="20220211 10:02:56.370" endtime="20220211 10:02:56.383"/>
</kw>
<kw name="Click Element" library="SeleniumLibrary">
<arg>${SUBMIT}</arg>
<doc>Click the element identified by ``locator``.</doc>
<msg timestamp="20220211 10:02:56.383" level="INFO">Clicking element '//input[@id='kc-login']'.</msg>
<status status="PASS" starttime="20220211 10:02:56.383" endtime="20220211 10:02:56.723"/>
</kw>
<status status="PASS" starttime="20220211 10:02:55.462" endtime="20220211 10:02:56.724"/>
</kw>
<kw name="Wait Until Page Contains Element" library="SeleniumLibrary">
<arg>${ADD-AN-EXISTING-POLICY}</arg>
<doc>Waits until the element ``locator`` appears on the current page.</doc>
<status status="PASS" starttime="20220211 10:02:56.724" endtime="20220211 10:02:57.945"/>
</kw>
<kw name="Click Element" library="SeleniumLibrary">
<arg>${ADD-AN-EXISTING-POLICY}</arg>
<doc>Click the element identified by ``locator``.</doc>
<msg timestamp="20220211 10:02:57.945" level="INFO">Clicking element '//span[normalize-space()='ADD AN EXISTING POLICY']'.</msg>
<status status="PASS" starttime="20220211 10:02:57.945" endtime="20220211 10:02:58.095"/>
</kw>
<kw name="Wait Until Page Contains Element" library="SeleniumLibrary">
<arg>${PROCEED}</arg>
<doc>Waits until the element ``locator`` appears on the current page.</doc>
<status status="PASS" starttime="20220211 10:02:58.095" endtime="20220211 10:02:58.112"/>
</kw>
<kw name="Click Element" library="SeleniumLibrary">
<arg>${PROCEED}</arg>
<doc>Click the element identified by ``locator``.</doc>
<msg timestamp="20220211 10:02:58.113" level="INFO">Clicking element '//span[normalize-space()='Proceed']'.</msg>
<status status="PASS" starttime="20220211 10:02:58.112" endtime="20220211 10:02:58.189"/>
</kw>
<kw name="Wait Until Page Contains Element" library="SeleniumLibrary">
<arg>${ENTER-MANUALLY}</arg>
<doc>Waits until the element ``locator`` appears on the current page.</doc>
<status status="PASS" starttime="20220211 10:02:58.190" endtime="20220211 10:02:58.475"/>
</kw>
<kw name="Click Element" library="SeleniumLibrary">
<arg>${ENTER-MANUALLY}</arg>
<doc>Click the element identified by ``locator``.</doc>
<msg timestamp="20220211 10:02:58.476" level="INFO">Clicking element '//button[normalize-space()='Enter Manually']'.</msg>
<status status="PASS" starttime="20220211 10:02:58.476" endtime="20220211 10:02:58.515"/>
</kw>
<kw name="Sleep" library="BuiltIn">
<arg>1s</arg>
<doc>Pauses the test executed for the given time.</doc>
<msg timestamp="20220211 10:02:59.518" level="INFO">Slept 1 second</msg>
<status status="PASS" starttime="20220211 10:02:58.516" endtime="20220211 10:02:59.518"/>
</kw>
<kw name="Input Text" library="SeleniumLibrary">
<arg>${SXP-INPUT}</arg>
<arg>lib</arg>
<doc>Types the given ``text`` into the text field identified by ``locator``.</doc>
<msg timestamp="20220211 10:02:59.519" level="INFO">Typing text 'lib' into text field '//textarea[@placeholder='Write your message...']'.</msg>
<status status="PASS" starttime="20220211 10:02:59.519" endtime="20220211 10:02:59.587"/>
</kw>
<kw name="Click Element" library="SeleniumLibrary">
<arg>${SEND-INPUT}</arg>
<doc>Click the element identified by ``locator``.</doc>
<msg timestamp="20220211 10:02:59.588" level="INFO">Clicking element '//img[@alt='Send']'.</msg>
<status status="PASS" starttime="20220211 10:02:59.587" endtime="20220211 10:02:59.628"/>
</kw>
<kw name="Wait Until Page Contains Element" library="SeleniumLibrary">
<arg>//button[normalize-space()='Liberty General Insurance Ltd.']</arg>
<doc>Waits until the element ``locator`` appears on the current page.</doc>
<status status="PASS" starttime="20220211 10:02:59.628" endtime="20220211 10:02:59.851"/>
</kw>
<kw name="Click Element" library="SeleniumLibrary">
<arg>//button[normalize-space()='Liberty General Insurance Ltd.']</arg>
<doc>Click the element identified by ``locator``.</doc>
<msg timestamp="20220211 10:02:59.851" level="INFO">Clicking element '//button[normalize-space()='Liberty General Insurance Ltd.']'.</msg>
<status status="PASS" starttime="20220211 10:02:59.851" endtime="20220211 10:02:59.890"/>
</kw>
<kw name="Wait Until Page Contains Element" library="SeleniumLibrary">
<arg>//button[normalize-space()='Motor Insurance']</arg>
<doc>Waits until the element ``locator`` appears on the current page.</doc>
<status status="PASS" starttime="20220211 10:02:59.891" endtime="20220211 10:03:00.113"/>
</kw>
<kw name="Click Element" library="SeleniumLibrary">
<arg>//button[normalize-space()='Motor Insurance']</arg>
<doc>Click the element identified by ``locator``.</doc>
<msg timestamp="20220211 10:03:00.113" level="INFO">Clicking element '//button[normalize-space()='Motor Insurance']'.</msg>
<status status="PASS" starttime="20220211 10:03:00.113" endtime="20220211 10:03:00.152"/>
</kw>
<kw name="Wait Until Page Contains Element" library="SeleniumLibrary">
<arg>//button[normalize-space()='Two-Wheeler']</arg>
<doc>Waits until the element ``locator`` appears on the current page.</doc>
<status status="PASS" starttime="20220211 10:03:00.152" endtime="20220211 10:03:00.381"/>
</kw>
<kw name="Click Element" library="SeleniumLibrary">
<arg>//button[normalize-space()='Two-Wheeler']</arg>
<doc>Click the element identified by ``locator``.</doc>
<msg timestamp="20220211 10:03:00.382" level="INFO">Clicking element '//button[normalize-space()='Two-Wheeler']'.</msg>
<status status="PASS" starttime="20220211 10:03:00.382" endtime="20220211 10:03:00.421"/>
</kw>
<kw name="Input Text" library="SeleniumLibrary">
<arg>${SXP-INPUT}</arg>
<arg>1000</arg>
<doc>Types the given ``text`` into the text field identified by ``locator``.</doc>
<msg timestamp="20220211 10:03:00.422" level="INFO">Typing text '1000' into text field '//textarea[@placeholder='Write your message...']'.</msg>
<status status="PASS" starttime="20220211 10:03:00.421" endtime="20220211 10:03:00.493"/>
</kw>
<kw name="Click Element" library="SeleniumLibrary">
<arg>${SEND-INPUT}</arg>
<doc>Click the element identified by ``locator``.</doc>
<msg timestamp="20220211 10:03:00.494" level="INFO">Clicking element '//img[@alt='Send']'.</msg>
<status status="PASS" starttime="20220211 10:03:00.494" endtime="20220211 10:03:00.532"/>
</kw>
<kw name="Input Text" library="SeleniumLibrary">
<arg>${SXP-INPUT}</arg>
<arg>100000</arg>
<doc>Types the given ``text`` into the text field identified by ``locator``.</doc>
<msg timestamp="20220211 10:03:00.532" level="INFO">Typing text '100000' into text field '//textarea[@placeholder='Write your message...']'.</msg>
<status status="PASS" starttime="20220211 10:03:00.532" endtime="20220211 10:03:00.613"/>
</kw>
<kw name="Click Element" library="SeleniumLibrary">
<arg>${SEND-INPUT}</arg>
<doc>Click the element identified by ``locator``.</doc>
<msg timestamp="20220211 10:03:00.614" level="INFO">Clicking element '//img[@alt='Send']'.</msg>
<status status="PASS" starttime="20220211 10:03:00.613" endtime="20220211 10:03:00.652"/>
</kw>
<kw name="Wait Until Page Contains Element" library="SeleniumLibrary">
<arg>//button[normalize-space()='No']</arg>
<doc>Waits until the element ``locator`` appears on the current page.</doc>
<status status="PASS" starttime="20220211 10:03:00.652" endtime="20220211 10:03:00.887"/>
</kw>
<kw name="Click Element" library="SeleniumLibrary">
<arg>//button[normalize-space()='No']</arg>
<doc>Click the element identified by ``locator``.</doc>
<msg timestamp="20220211 10:03:00.887" level="INFO">Clicking element '//button[normalize-space()='No']'.</msg>
<status status="PASS" starttime="20220211 10:03:00.887" endtime="20220211 10:03:00.935"/>
</kw>
<kw name="Input Text" library="SeleniumLibrary">
<arg>${SXP-INPUT}</arg>
<arg>31-12-2021</arg>
<doc>Types the given ``text`` into the text field identified by ``locator``.</doc>
<msg timestamp="20220211 10:03:00.936" level="INFO">Typing text '31-12-2021' into text field '//textarea[@placeholder='Write your message...']'.</msg>
<status status="PASS" starttime="20220211 10:03:00.936" endtime="20220211 10:03:01.026"/>
</kw>
<kw name="Click Element" library="SeleniumLibrary">
<arg>${SEND-INPUT}</arg>
<doc>Click the element identified by ``locator``.</doc>
<msg timestamp="20220211 10:03:01.026" level="INFO">Clicking element '//img[@alt='Send']'.</msg>
<status status="PASS" starttime="20220211 10:03:01.026" endtime="20220211 10:03:01.063"/>
</kw>
<kw name="Input Text" library="SeleniumLibrary">
<arg>${SXP-INPUT}</arg>
<arg>01-02-2022</arg>
<doc>Types the given ``text`` into the text field identified by ``locator``.</doc>
<msg timestamp="20220211 10:03:01.064" level="INFO">Typing text '01-02-2022' into text field '//textarea[@placeholder='Write your message...']'.</msg>
<status status="PASS" starttime="20220211 10:03:01.064" endtime="20220211 10:03:01.146"/>
</kw>
<kw name="Click Element" library="SeleniumLibrary">
<arg>${SEND-INPUT}</arg>
<doc>Click the element identified by ``locator``.</doc>
<msg timestamp="20220211 10:03:01.146" level="INFO">Clicking element '//img[@alt='Send']'.</msg>
<status status="PASS" starttime="20220211 10:03:01.146" endtime="20220211 10:03:01.180"/>
</kw>
<kw name="Wait Until Page Contains Element" library="SeleniumLibrary">
<arg>//button[normalize-space()='Submit']</arg>
<doc>Waits until the element ``locator`` appears on the current page.</doc>
<status status="PASS" starttime="20220211 10:03:01.181" endtime="20220211 10:03:01.403"/>
</kw>
<kw name="Click Element" library="SeleniumLibrary">
<arg>//button[normalize-space()='Submit']</arg>
<doc>Click the element identified by ``locator``.</doc>
<msg timestamp="20220211 10:03:01.404" level="INFO">Clicking element '//button[normalize-space()='Submit']'.</msg>
<status status="PASS" starttime="20220211 10:03:01.403" endtime="20220211 10:03:01.449"/>
</kw>
<kw name="Wait Until Page Contains Element" library="SeleniumLibrary">
<arg>${UPLOAD-DOCUMENT}</arg>
<doc>Waits until the element ``locator`` appears on the current page.</doc>
<status status="PASS" starttime="20220211 10:03:01.450" endtime="20220211 10:03:01.669"/>
</kw>
<kw name="Click Element" library="SeleniumLibrary">
<arg>${UPLOAD-DOCUMENT}</arg>
<doc>Click the element identified by ``locator``.</doc>
<msg timestamp="20220211 10:03:01.669" level="INFO">Clicking element '//button[normalize-space()='Upload Document']'.</msg>
<status status="PASS" starttime="20220211 10:03:01.669" endtime="20220211 10:03:01.719"/>
</kw>
<kw name="Wait Until Page Contains Element" library="SeleniumLibrary">
<arg>${UPLOAD-BUTTON}</arg>
<doc>Waits until the element ``locator`` appears on the current page.</doc>
<status status="PASS" starttime="20220211 10:03:01.719" endtime="20220211 10:03:01.730"/>
</kw>
<kw name="Click Element" library="SeleniumLibrary">
<arg>${UPLOAD-BUTTON}</arg>
<doc>Click the element identified by ``locator``.</doc>
<msg timestamp="20220211 10:03:01.731" level="INFO">Clicking element '//img[@alt='File Input']'.</msg>
<status status="PASS" starttime="20220211 10:03:01.730" endtime="20220211 10:03:01.798"/>
</kw>
<kw name="Upload File" library="corporateRes">
<kw name="Choose File" library="SeleniumLibrary">
<arg>id=file-input</arg>
<arg>C:\\Users\\chaitanya\\Downloads\\PaisaPlan\\Corporate\\Resources${/}policy.pdf</arg>
<doc>Inputs the ``file_path`` into the file input field ``locator``.</doc>
<msg timestamp="20220211 10:03:01.799" level="INFO">Sending C:\Users\chaitanya\Downloads\PaisaPlan\Corporate\Resources\policy.pdf to browser.</msg>
<status status="PASS" starttime="20220211 10:03:01.799" endtime="20220211 10:03:01.837"/>
</kw>
<status status="PASS" starttime="20220211 10:03:01.798" endtime="20220211 10:03:01.837"/>
</kw>
<status status="PASS" starttime="20220211 10:02:53.757" endtime="20220211 10:03:01.838"/>
</test>
<status status="PASS" starttime="20220211 10:02:53.751" endtime="20220211 10:03:01.839"/>
</suite>
<suite id="s1-s4" name="claimHistory" source="C:\Users\chaitanya\Downloads\PaisaPlan\Corporate\Tests\claimHistory.robot">
<test id="s1-s4-t1" name="Claim History">
<kw name="Open Website" library="corporateRes">
<kw name="Open Browser" library="SeleniumLibrary">
<arg>${URL}</arg>
<arg>${BROWSER}</arg>
<doc>Opens a new browser instance to the optional ``url``.</doc>
<msg timestamp="20220211 10:03:01.847" level="INFO">Opening browser 'chrome' to base url 'https://uat.paisaplan.in/corporate'.</msg>
<status status="PASS" starttime="20220211 10:03:01.847" endtime="20220211 10:03:03.411"/>
</kw>
<kw name="Maximize Browser Window" library="SeleniumLibrary">
<doc>Maximizes current browser window.</doc>
<status status="PASS" starttime="20220211 10:03:03.411" endtime="20220211 10:03:03.524"/>
</kw>
<status status="PASS" starttime="20220211 10:03:01.846" endtime="20220211 10:03:03.525"/>
</kw>
<kw name="Login User" library="corporateRes">
<kw name="Click Button" library="SeleniumLibrary">
<arg>${LOGIN-BUTTON}</arg>
<doc>Clicks the button identified by ``locator``.</doc>
<msg timestamp="20220211 10:03:03.526" level="INFO">Clicking button '//html/body/div/div[2]/div/div[3]/button[1]'.</msg>
<status status="PASS" starttime="20220211 10:03:03.525" endtime="20220211 10:03:04.410"/>
</kw>
<kw name="Input Text" library="SeleniumLibrary">
<arg>${USERNAME}</arg>
<arg>santosh.n</arg>
<doc>Types the given ``text`` into the text field identified by ``locator``.</doc>
<msg timestamp="20220211 10:03:04.411" level="INFO">Typing text 'santosh.n' into text field 'id = username'.</msg>
<status status="PASS" starttime="20220211 10:03:04.411" endtime="20220211 10:03:04.490"/>
</kw>
<kw name="Input Password" library="SeleniumLibrary">
<arg>${PASSWORD}</arg>
<arg>test</arg>
<doc>Types the given password into the text field identified by ``locator``.</doc>
<msg timestamp="20220211 10:03:04.490" level="INFO">Typing password into text field 'id = password'.</msg>
<msg timestamp="20220211 10:03:04.529" level="INFO">Temporally setting log level to: NONE</msg>
<msg timestamp="20220211 10:03:04.567" level="INFO">Log level changed from NONE to INFO.</msg>
<status status="PASS" starttime="20220211 10:03:04.490" endtime="20220211 10:03:04.568"/>
</kw>
<kw name="Wait Until Page Contains Element" library="SeleniumLibrary">
<arg>${SUBMIT}</arg>
<doc>Waits until the element ``locator`` appears on the current page.</doc>
<status status="PASS" starttime="20220211 10:03:04.568" endtime="20220211 10:03:04.579"/>
</kw>
<kw name="Click Element" library="SeleniumLibrary">
<arg>${SUBMIT}</arg>
<doc>Click the element identified by ``locator``.</doc>
<msg timestamp="20220211 10:03:04.580" level="INFO">Clicking element '//input[@id='kc-login']'.</msg>
<status status="PASS" starttime="20220211 10:03:04.580" endtime="20220211 10:03:04.910"/>
</kw>
<status status="PASS" starttime="20220211 10:03:03.525" endtime="20220211 10:03:04.910"/>
</kw>
<kw name="View all" library="corporateRes">
<kw name="Wait Until Page Contains Element" library="SeleniumLibrary">
<arg>${VIEW-ALL}</arg>
<doc>Waits until the element ``locator`` appears on the current page.</doc>
<status status="PASS" starttime="20220211 10:03:04.911" endtime="20220211 10:03:06.185"/>
</kw>
<kw name="Click Element" library="SeleniumLibrary">
<arg>${VIEW-ALL}</arg>
<doc>Click the element identified by ``locator``.</doc>
<msg timestamp="20220211 10:03:06.186" level="INFO">Clicking element '//a[normalize-space()='ViewAll']'.</msg>
<status status="PASS" starttime="20220211 10:03:06.186" endtime="20220211 10:03:06.366"/>
</kw>
<status status="PASS" starttime="20220211 10:03:04.910" endtime="20220211 10:03:06.367"/>
</kw>
<kw name="Claim History" library="corporateRes">
<kw name="Policy Tile" library="corporateRes">
<kw name="Wait Until Page Contains Element" library="SeleniumLibrary">
<arg>${POLICY-TILE}</arg>
<doc>Waits until the element ``locator`` appears on the current page.</doc>
<status status="PASS" starttime="20220211 10:03:06.368" endtime="20220211 10:03:07.501"/>
</kw>
<kw name="Click Element" library="SeleniumLibrary">
<arg>${POLICY-TILE}</arg>
<doc>Click the element identified by ``locator``.</doc>
<msg timestamp="20220211 10:03:07.501" level="INFO">Clicking element '//html[1]/body[1]/div[1]/div[1]/div[1]/div[2]/div[1]/div[2]/div[2]/div[1]/a[1]/div[1]/div[1]/div[1]/div[1]/img[1]'.</msg>
<status status="PASS" starttime="20220211 10:03:07.501" endtime="20220211 10:03:07.585"/>
</kw>
<status status="PASS" starttime="20220211 10:03:06.367" endtime="20220211 10:03:07.585"/>
</kw>
<kw name="Wait Until Page Contains Element" library="SeleniumLibrary">
<arg>${CLAIM-HISTORY}</arg>
<doc>Waits until the element ``locator`` appears on the current page.</doc>
<status status="PASS" starttime="20220211 10:03:07.585" endtime="20220211 10:03:08.243"/>
</kw>
<kw name="Click Element" library="SeleniumLibrary">
<arg>${CLAIM-HISTORY}</arg>
<doc>Click the element identified by ``locator``.</doc>
<msg timestamp="20220211 10:03:08.244" level="INFO">Clicking element '//span[normalize-space()='Claim History']'.</msg>
<status status="PASS" starttime="20220211 10:03:08.243" endtime="20220211 10:03:08.288"/>
</kw>
<status status="PASS" starttime="20220211 10:03:06.367" endtime="20220211 10:03:08.288"/>
</kw>
<status status="PASS" starttime="20220211 10:03:01.846" endtime="20220211 10:03:08.288"/>
</test>
<status status="PASS" starttime="20220211 10:03:01.841" endtime="20220211 10:03:08.290"/>
</suite>
<suite id="s1-s5" name="Endorsement" source="C:\Users\chaitanya\Downloads\PaisaPlan\Corporate\Tests\endorsement.robot">
<test id="s1-s5-t1" name="Adding Endorsement">
<kw name="Open Website" library="corporateRes">
<kw name="Open Browser" library="SeleniumLibrary">
<arg>${URL}</arg>
<arg>${BROWSER}</arg>
<doc>Opens a new browser instance to the optional ``url``.</doc>
<msg timestamp="20220211 10:03:08.299" level="INFO">Opening browser 'chrome' to base url 'https://uat.paisaplan.in/corporate'.</msg>
<status status="PASS" starttime="20220211 10:03:08.298" endtime="20220211 10:03:09.813"/>
</kw>
<kw name="Maximize Browser Window" library="SeleniumLibrary">
<doc>Maximizes current browser window.</doc>
<status status="PASS" starttime="20220211 10:03:09.814" endtime="20220211 10:03:09.943"/>
</kw>
<status status="PASS" starttime="20220211 10:03:08.298" endtime="20220211 10:03:09.943"/>
</kw>
<kw name="Login User" library="corporateRes">
<kw name="Click Button" library="SeleniumLibrary">
<arg>${LOGIN-BUTTON}</arg>
<doc>Clicks the button identified by ``locator``.</doc>
<msg timestamp="20220211 10:03:09.944" level="INFO">Clicking button '//html/body/div/div[2]/div/div[3]/button[1]'.</msg>
<status status="PASS" starttime="20220211 10:03:09.944" endtime="20220211 10:03:10.727"/>
</kw>
<kw name="Input Text" library="SeleniumLibrary">
<arg>${USERNAME}</arg>
<arg>santosh.n</arg>
<doc>Types the given ``text`` into the text field identified by ``locator``.</doc>
<msg timestamp="20220211 10:03:10.728" level="INFO">Typing text 'santosh.n' into text field 'id = username'.</msg>
<status status="PASS" starttime="20220211 10:03:10.727" endtime="20220211 10:03:10.811"/>
</kw>
<kw name="Input Password" library="SeleniumLibrary">
<arg>${PASSWORD}</arg>
<arg>test</arg>
<doc>Types the given password into the text field identified by ``locator``.</doc>
<msg timestamp="20220211 10:03:10.812" level="INFO">Typing password into text field 'id = password'.</msg>
<msg timestamp="20220211 10:03:10.854" level="INFO">Temporally setting log level to: NONE</msg>
<msg timestamp="20220211 10:03:10.899" level="INFO">Log level changed from NONE to INFO.</msg>
<status status="PASS" starttime="20220211 10:03:10.811" endtime="20220211 10:03:10.899"/>
</kw>
<kw name="Wait Until Page Contains Element" library="SeleniumLibrary">
<arg>${SUBMIT}</arg>
<doc>Waits until the element ``locator`` appears on the current page.</doc>
<status status="PASS" starttime="20220211 10:03:10.899" endtime="20220211 10:03:10.914"/>
</kw>
<kw name="Click Element" library="SeleniumLibrary">
<arg>${SUBMIT}</arg>
<doc>Click the element identified by ``locator``.</doc>
<msg timestamp="20220211 10:03:10.915" level="INFO">Clicking element '//input[@id='kc-login']'.</msg>
<status status="PASS" starttime="20220211 10:03:10.914" endtime="20220211 10:03:11.266"/>
</kw>
<status status="PASS" starttime="20220211 10:03:09.943" endtime="20220211 10:03:11.266"/>
</kw>
<kw name="View all" library="corporateRes">
<kw name="Wait Until Page Contains Element" library="SeleniumLibrary">
<arg>${VIEW-ALL}</arg>
<doc>Waits until the element ``locator`` appears on the current page.</doc>
<status status="PASS" starttime="20220211 10:03:11.267" endtime="20220211 10:03:12.584"/>
</kw>
<kw name="Click Element" library="SeleniumLibrary">
<arg>${VIEW-ALL}</arg>
<doc>Click the element identified by ``locator``.</doc>
<msg timestamp="20220211 10:03:12.584" level="INFO">Clicking element '//a[normalize-space()='ViewAll']'.</msg>
<status status="PASS" starttime="20220211 10:03:12.584" endtime="20220211 10:03:12.817"/>
</kw>
<status status="PASS" starttime="20220211 10:03:11.266" endtime="20220211 10:03:12.818"/>
</kw>
<kw name="Add Endorsement" library="corporateRes">
<kw name="Wait Until Page Contains Element" library="SeleniumLibrary">
<arg>//html[1]/body[1]/div[1]/div[1]/div[1]/div[2]/div[1]/div[2]/div[2]/div[1]/a[2]/div[1]/div[1]/div[1]/div[1]</arg>
<doc>Waits until the element ``locator`` appears on the current page.</doc>
<status status="PASS" starttime="20220211 10:03:12.818" endtime="20220211 10:03:14.021"/>
</kw>
<kw name="Click Element" library="SeleniumLibrary">
<arg>//html[1]/body[1]/div[1]/div[1]/div[1]/div[2]/div[1]/div[2]/div[2]/div[1]/a[2]/div[1]/div[1]/div[1]/div[1]</arg>
<doc>Click the element identified by ``locator``.</doc>
<msg timestamp="20220211 10:03:14.021" level="INFO">Clicking element '//html[1]/body[1]/div[1]/div[1]/div[1]/div[2]/div[1]/div[2]/div[2]/div[1]/a[2]/div[1]/div[1]/div[1]/div[1]'.</msg>
<status status="PASS" starttime="20220211 10:03:14.021" endtime="20220211 10:03:14.105"/>
</kw>
<kw name="Wait Until Page Contains Element" library="SeleniumLibrary">
<arg>${EDORSEMENT}</arg>
<doc>Waits until the element ``locator`` appears on the current page.</doc>
<status status="PASS" starttime="20220211 10:03:14.106" endtime="20220211 10:03:14.556"/>
</kw>
<kw name="Click Element" library="SeleniumLibrary">
<arg>${EDORSEMENT}</arg>
<doc>Click the element identified by ``locator``.</doc>
<msg timestamp="20220211 10:03:14.556" level="INFO">Clicking element '//span[@class='MuiTab-wrapper'][normalize-space()='Endorsement']'.</msg>
<status status="PASS" starttime="20220211 10:03:14.556" endtime="20220211 10:03:14.604"/>
</kw>
<kw name="Sleep" library="BuiltIn">
<arg>1s</arg>
<doc>Pauses the test executed for the given time.</doc>
<msg timestamp="20220211 10:03:15.605" level="INFO">Slept 1 second</msg>
<status status="PASS" starttime="20220211 10:03:14.604" endtime="20220211 10:03:15.605"/>
</kw>
<kw name="Wait Until Page Contains Element" library="SeleniumLibrary">
<arg>${REQUEST-ENDORSEMENT}</arg>
<doc>Waits until the element ``locator`` appears on the current page.</doc>
<status status="PASS" starttime="20220211 10:03:15.605" endtime="20220211 10:03:15.616"/>
</kw>
<kw name="Click Element" library="SeleniumLibrary">
<arg>${REQUEST-ENDORSEMENT}</arg>
<doc>Click the element identified by ``locator``.</doc>
<msg timestamp="20220211 10:03:15.616" level="INFO">Clicking element '//span[normalize-space()='Request an Endorsement']'.</msg>
<status status="PASS" starttime="20220211 10:03:15.616" endtime="20220211 10:03:15.682"/>
</kw>
<kw name="Wait Until Page Contains Element" library="SeleniumLibrary">
<arg>${POLICY-CORRECTIONS}</arg>
<doc>Waits until the element ``locator`` appears on the current page.</doc>
<status status="PASS" starttime="20220211 10:03:15.682" endtime="20220211 10:03:15.920"/>
</kw>
<kw name="Click Element" library="SeleniumLibrary">
<arg>${POLICY-CORRECTIONS}</arg>
<doc>Click the element identified by ``locator``.</doc>
<msg timestamp="20220211 10:03:15.921" level="INFO">Clicking element '//button[@class='quick-button']'.</msg>
<status status="PASS" starttime="20220211 10:03:15.920" endtime="20220211 10:03:15.978"/>
</kw>
<kw name="Choose File" library="SeleniumLibrary">
<arg>id=file-input</arg>
<arg>C:\\Users\\chaitanya\\Downloads\\PaisaPlan\\Corporate\\Resources${/}file-1640153796596.xlsx</arg>
<doc>Inputs the ``file_path`` into the file input field ``locator``.</doc>
<msg timestamp="20220211 10:03:15.978" level="INFO">Sending C:\Users\chaitanya\Downloads\PaisaPlan\Corporate\Resources\file-1640153796596.xlsx to browser.</msg>
<status status="PASS" starttime="20220211 10:03:15.978" endtime="20220211 10:03:16.025"/>
</kw>
<status status="PASS" starttime="20220211 10:03:12.818" endtime="20220211 10:03:16.025"/>
</kw>
<status status="PASS" starttime="20220211 10:03:08.297" endtime="20220211 10:03:16.026"/>
</test>
<status status="PASS" starttime="20220211 10:03:08.292" endtime="20220211 10:03:16.028"/>
</suite>
<suite id="s1-s6" name="Login" source="C:\Users\chaitanya\Downloads\PaisaPlan\Corporate\Tests\login.robot">
<test id="s1-s6-t1" name="Login User">
<kw name="Open Website" library="corporateRes">
<kw name="Open Browser" library="SeleniumLibrary">
<arg>${URL}</arg>
<arg>${BROWSER}</arg>
<doc>Opens a new browser instance to the optional ``url``.</doc>
<msg timestamp="20220211 10:03:16.052" level="INFO">Opening browser 'chrome' to base url 'https://uat.paisaplan.in/corporate'.</msg>
<status status="PASS" starttime="20220211 10:03:16.051" endtime="20220211 10:03:17.571"/>
</kw>
<kw name="Maximize Browser Window" library="SeleniumLibrary">
<doc>Maximizes current browser window.</doc>
<status status="PASS" starttime="20220211 10:03:17.571" endtime="20220211 10:03:17.699"/>
</kw>
<status status="PASS" starttime="20220211 10:03:16.051" endtime="20220211 10:03:17.699"/>
</kw>
<kw name="Login User" library="corporateRes">
<kw name="Click Button" library="SeleniumLibrary">
<arg>${LOGIN-BUTTON}</arg>
<doc>Clicks the button identified by ``locator``.</doc>
<msg timestamp="20220211 10:03:17.700" level="INFO">Clicking button '//html/body/div/div[2]/div/div[3]/button[1]'.</msg>
<status status="PASS" starttime="20220211 10:03:17.700" endtime="20220211 10:03:18.550"/>
</kw>
<kw name="Input Text" library="SeleniumLibrary">
<arg>${USERNAME}</arg>
<arg>santosh.n</arg>
<doc>Types the given ``text`` into the text field identified by ``locator``.</doc>
<msg timestamp="20220211 10:03:18.551" level="INFO">Typing text 'santosh.n' into text field 'id = username'.</msg>
<status status="PASS" starttime="20220211 10:03:18.550" endtime="20220211 10:03:18.631"/>
</kw>
<kw name="Input Password" library="SeleniumLibrary">
<arg>${PASSWORD}</arg>
<arg>test</arg>
<doc>Types the given password into the text field identified by ``locator``.</doc>
<msg timestamp="20220211 10:03:18.632" level="INFO">Typing password into text field 'id = password'.</msg>
<msg timestamp="20220211 10:03:18.670" level="INFO">Temporally setting log level to: NONE</msg>
<msg timestamp="20220211 10:03:18.715" level="INFO">Log level changed from NONE to INFO.</msg>
<status status="PASS" starttime="20220211 10:03:18.631" endtime="20220211 10:03:18.715"/>
</kw>
<kw name="Wait Until Page Contains Element" library="SeleniumLibrary">
<arg>${SUBMIT}</arg>
<doc>Waits until the element ``locator`` appears on the current page.</doc>
<status status="PASS" starttime="20220211 10:03:18.715" endtime="20220211 10:03:18.728"/>
</kw>
<kw name="Click Element" library="SeleniumLibrary">
<arg>${SUBMIT}</arg>
<doc>Click the element identified by ``locator``.</doc>
<msg timestamp="20220211 10:03:18.729" level="INFO">Clicking element '//input[@id='kc-login']'.</msg>
<status status="PASS" starttime="20220211 10:03:18.728" endtime="20220211 10:03:19.071"/>
</kw>
<status status="PASS" starttime="20220211 10:03:17.699" endtime="20220211 10:03:19.071"/>
</kw>
<status status="PASS" starttime="20220211 10:03:16.050" endtime="20220211 10:03:19.072"/>
</test>
<status status="PASS" starttime="20220211 10:03:16.031" endtime="20220211 10:03:19.073"/>
</suite>
<suite id="s1-s7" name="renewHistory" source="C:\Users\chaitanya\Downloads\PaisaPlan\Corporate\Tests\renewHistory.robot">
<test id="s1-s7-t1" name="Renew History">
<kw name="Open Website" library="corporateRes">
<kw name="Open Browser" library="SeleniumLibrary">
<arg>${URL}</arg>
<arg>${BROWSER}</arg>
<doc>Opens a new browser instance to the optional ``url``.</doc>
<msg timestamp="20220211 10:03:19.084" level="INFO">Opening browser 'chrome' to base url 'https://uat.paisaplan.in/corporate'.</msg>
<status status="PASS" starttime="20220211 10:03:19.084" endtime="20220211 10:03:20.683"/>
</kw>
<kw name="Maximize Browser Window" library="SeleniumLibrary">
<doc>Maximizes current browser window.</doc>
<status status="PASS" starttime="20220211 10:03:20.683" endtime="20220211 10:03:20.814"/>
</kw>
<status status="PASS" starttime="20220211 10:03:19.083" endtime="20220211 10:03:20.814"/>
</kw>
<kw name="Login User" library="corporateRes">
<kw name="Click Button" library="SeleniumLibrary">
<arg>${LOGIN-BUTTON}</arg>
<doc>Clicks the button identified by ``locator``.</doc>
<msg timestamp="20220211 10:03:20.816" level="INFO">Clicking button '//html/body/div/div[2]/div/div[3]/button[1]'.</msg>
<status status="PASS" starttime="20220211 10:03:20.816" endtime="20220211 10:03:21.602"/>
</kw>
<kw name="Input Text" library="SeleniumLibrary">
<arg>${USERNAME}</arg>
<arg>santosh.n</arg>
<doc>Types the given ``text`` into the text field identified by ``locator``.</doc>
<msg timestamp="20220211 10:03:21.603" level="INFO">Typing text 'santosh.n' into text field 'id = username'.</msg>
<status status="PASS" starttime="20220211 10:03:21.602" endtime="20220211 10:03:21.688"/>
</kw>
<kw name="Input Password" library="SeleniumLibrary">
<arg>${PASSWORD}</arg>
<arg>test</arg>
<doc>Types the given password into the text field identified by ``locator``.</doc>
<msg timestamp="20220211 10:03:21.689" level="INFO">Typing password into text field 'id = password'.</msg>
<msg timestamp="20220211 10:03:21.728" level="INFO">Temporally setting log level to: NONE</msg>
<msg timestamp="20220211 10:03:21.774" level="INFO">Log level changed from NONE to INFO.</msg>
<status status="PASS" starttime="20220211 10:03:21.688" endtime="20220211 10:03:21.774"/>
</kw>
<kw name="Wait Until Page Contains Element" library="SeleniumLibrary">
<arg>${SUBMIT}</arg>
<doc>Waits until the element ``locator`` appears on the current page.</doc>
<status status="PASS" starttime="20220211 10:03:21.774" endtime="20220211 10:03:21.787"/>
</kw>
<kw name="Click Element" library="SeleniumLibrary">
<arg>${SUBMIT}</arg>
<doc>Click the element identified by ``locator``.</doc>
<msg timestamp="20220211 10:03:21.788" level="INFO">Clicking element '//input[@id='kc-login']'.</msg>
<status status="PASS" starttime="20220211 10:03:21.787" endtime="20220211 10:03:22.132"/>
</kw>
<status status="PASS" starttime="20220211 10:03:20.815" endtime="20220211 10:03:22.132"/>
</kw>
<kw name="View all" library="corporateRes">
<kw name="Wait Until Page Contains Element" library="SeleniumLibrary">
<arg>${VIEW-ALL}</arg>
<doc>Waits until the element ``locator`` appears on the current page.</doc>
<status status="PASS" starttime="20220211 10:03:22.132" endtime="20220211 10:03:23.476"/>
</kw>
<kw name="Click Element" library="SeleniumLibrary">
<arg>${VIEW-ALL}</arg>
<doc>Click the element identified by ``locator``.</doc>
<msg timestamp="20220211 10:03:23.476" level="INFO">Clicking element '//a[normalize-space()='ViewAll']'.</msg>
<status status="PASS" starttime="20220211 10:03:23.476" endtime="20220211 10:03:23.700"/>
</kw>
<status status="PASS" starttime="20220211 10:03:22.132" endtime="20220211 10:03:23.700"/>
</kw>
<kw name="Renew History" library="corporateRes">
<kw name="Policy Tile" library="corporateRes">
<kw name="Wait Until Page Contains Element" library="SeleniumLibrary">
<arg>${POLICY-TILE}</arg>
<doc>Waits until the element ``locator`` appears on the current page.</doc>
<status status="PASS" starttime="20220211 10:03:23.701" endtime="20220211 10:03:24.918"/>
</kw>
<kw name="Click Element" library="SeleniumLibrary">
<arg>${POLICY-TILE}</arg>
<doc>Click the element identified by ``locator``.</doc>
<msg timestamp="20220211 10:03:24.918" level="INFO">Clicking element '//html[1]/body[1]/div[1]/div[1]/div[1]/div[2]/div[1]/div[2]/div[2]/div[1]/a[1]/div[1]/div[1]/div[1]/div[1]/img[1]'.</msg>
<status status="PASS" starttime="20220211 10:03:24.918" endtime="20220211 10:03:25.001"/>
</kw>
<status status="PASS" starttime="20220211 10:03:23.701" endtime="20220211 10:03:25.001"/>
</kw>
<kw name="Wait Until Page Contains Element" library="SeleniumLibrary">
<arg>${RENEW-HISTORY}</arg>
<doc>Waits until the element ``locator`` appears on the current page.</doc>
<status status="PASS" starttime="20220211 10:03:25.001" endtime="20220211 10:03:25.470"/>
</kw>
<kw name="Click Element" library="SeleniumLibrary">
<arg>${RENEW-HISTORY}</arg>
<doc>Click the element identified by ``locator``.</doc>
<msg timestamp="20220211 10:03:25.471" level="INFO">Clicking element '//span[normalize-space()='Renew History']'.</msg>
<status status="PASS" starttime="20220211 10:03:25.471" endtime="20220211 10:03:25.538"/>
</kw>
<status status="PASS" starttime="20220211 10:03:23.700" endtime="20220211 10:03:25.538"/>
</kw>
<status status="PASS" starttime="20220211 10:03:19.082" endtime="20220211 10:03:25.539"/>
</test>
<status status="PASS" starttime="20220211 10:03:19.075" endtime="20220211 10:03:25.540"/>
</suite>
<suite id="s1-s8" name="uploadPolicy" source="C:\Users\chaitanya\Downloads\PaisaPlan\Corporate\Tests\uploadPolicy.robot">
<test id="s1-s8-t1" name="Upload Policy">
<kw name="Open Website" library="corporateRes">
<kw name="Open Browser" library="SeleniumLibrary">
<arg>${URL}</arg>
<arg>${BROWSER}</arg>
<doc>Opens a new browser instance to the optional ``url``.</doc>
<msg timestamp="20220211 10:03:25.554" level="INFO">Opening browser 'chrome' to base url 'https://uat.paisaplan.in/corporate'.</msg>
<status status="PASS" starttime="20220211 10:03:25.554" endtime="20220211 10:03:27.053"/>
</kw>
<kw name="Maximize Browser Window" library="SeleniumLibrary">
<doc>Maximizes current browser window.</doc>
<status status="PASS" starttime="20220211 10:03:27.053" endtime="20220211 10:03:27.179"/>
</kw>
<status status="PASS" starttime="20220211 10:03:25.554" endtime="20220211 10:03:27.180"/>
</kw>
<kw name="Login User" library="corporateRes">
<kw name="Click Button" library="SeleniumLibrary">
<arg>${LOGIN-BUTTON}</arg>
<doc>Clicks the button identified by ``locator``.</doc>
<msg timestamp="20220211 10:03:27.181" level="INFO">Clicking button '//html/body/div/div[2]/div/div[3]/button[1]'.</msg>
<status status="PASS" starttime="20220211 10:03:27.180" endtime="20220211 10:03:28.082"/>
</kw>
<kw name="Input Text" library="SeleniumLibrary">
<arg>${USERNAME}</arg>
<arg>santosh.n</arg>
<doc>Types the given ``text`` into the text field identified by ``locator``.</doc>
<msg timestamp="20220211 10:03:28.083" level="INFO">Typing text 'santosh.n' into text field 'id = username'.</msg>
<status status="PASS" starttime="20220211 10:03:28.082" endtime="20220211 10:03:28.177"/>
</kw>
<kw name="Input Password" library="SeleniumLibrary">
<arg>${PASSWORD}</arg>
<arg>test</arg>
<doc>Types the given password into the text field identified by ``locator``.</doc>
<msg timestamp="20220211 10:03:28.178" level="INFO">Typing password into text field 'id = password'.</msg>
<msg timestamp="20220211 10:03:28.220" level="INFO">Temporally setting log level to: NONE</msg>
<msg timestamp="20220211 10:03:28.265" level="INFO">Log level changed from NONE to INFO.</msg>
<status status="PASS" starttime="20220211 10:03:28.177" endtime="20220211 10:03:28.265"/>
</kw>
<kw name="Wait Until Page Contains Element" library="SeleniumLibrary">
<arg>${SUBMIT}</arg>
<doc>Waits until the element ``locator`` appears on the current page.</doc>
<status status="PASS" starttime="20220211 10:03:28.265" endtime="20220211 10:03:28.278"/>
</kw>
<kw name="Click Element" library="SeleniumLibrary">
<arg>${SUBMIT}</arg>
<doc>Click the element identified by ``locator``.</doc>
<msg timestamp="20220211 10:03:28.279" level="INFO">Clicking element '//input[@id='kc-login']'.</msg>
<status status="PASS" starttime="20220211 10:03:28.279" endtime="20220211 10:03:28.689"/>
</kw>
<status status="PASS" starttime="20220211 10:03:27.180" endtime="20220211 10:03:28.689"/>
</kw>
<kw name="View all" library="corporateRes">
<kw name="Wait Until Page Contains Element" library="SeleniumLibrary">
<arg>${VIEW-ALL}</arg>
<doc>Waits until the element ``locator`` appears on the current page.</doc>
<status status="PASS" starttime="20220211 10:03:28.690" endtime="20220211 10:03:30.101"/>
</kw>
<kw name="Click Element" library="SeleniumLibrary">
<arg>${VIEW-ALL}</arg>
<doc>Click the element identified by ``locator``.</doc>
<msg timestamp="20220211 10:03:30.101" level="INFO">Clicking element '//a[normalize-space()='ViewAll']'.</msg>
<status status="PASS" starttime="20220211 10:03:30.101" endtime="20220211 10:03:30.330"/>
</kw>
<status status="PASS" starttime="20220211 10:03:28.690" endtime="20220211 10:03:30.331"/>
</kw>
<kw name="Upload Policy" library="corporateRes">
<kw name="Execute Javascript" library="SeleniumLibrary">
<arg>window.scrollTo(0, document.body.scrollHeight)</arg>
<doc>Executes the given JavaScript code with possible arguments.</doc>
<msg timestamp="20220211 10:03:30.332" level="INFO">Executing JavaScript:
window.scrollTo(0, document.body.scrollHeight)
Without any arguments.</msg>
<status status="PASS" starttime="20220211 10:03:30.331" endtime="20220211 10:03:30.335"/>
</kw>
<kw name="Wait Until Page Contains Element" library="SeleniumLibrary">
<arg>${UPLOAD-POLICY}</arg>
<doc>Waits until the element ``locator`` appears on the current page.</doc>
<status status="PASS" starttime="20220211 10:03:30.335" endtime="20220211 10:03:31.523"/>
</kw>
<kw name="Click Element" library="SeleniumLibrary">
<arg>${UPLOAD-POLICY}</arg>
<doc>Click the element identified by ``locator``.</doc>
<msg timestamp="20220211 10:03:31.524" level="INFO">Clicking element '//span[normalize-space()='Upload Policy']'.</msg>
<status status="PASS" starttime="20220211 10:03:31.524" endtime="20220211 10:03:31.727"/>
</kw>
<kw name="Wait Until Page Contains Element" library="SeleniumLibrary">
<arg>${UPLOAD-BUTTON}</arg>
<doc>Waits until the element ``locator`` appears on the current page.</doc>
<status status="PASS" starttime="20220211 10:03:31.727" endtime="20220211 10:03:31.755"/>
</kw>
<kw name="Click Element" library="SeleniumLibrary">
<arg>${UPLOAD-BUTTON}</arg>
<doc>Click the element identified by ``locator``.</doc>
<msg timestamp="20220211 10:03:31.756" level="INFO">Clicking element '//img[@alt='File Input']'.</msg>
<status status="PASS" starttime="20220211 10:03:31.755" endtime="20220211 10:03:31.797"/>
</kw>
<kw name="Choose File" library="SeleniumLibrary">
<arg>id=file-input</arg>
<arg>C:\\Users\\chaitanya\\Downloads\\PaisaPlan\\Corporate\\Resources${/}policy.pdf</arg>
<doc>Inputs the ``file_path`` into the file input field ``locator``.</doc>
<msg timestamp="20220211 10:03:31.798" level="INFO">Sending C:\Users\chaitanya\Downloads\PaisaPlan\Corporate\Resources\policy.pdf to browser.</msg>
<status status="PASS" starttime="20220211 10:03:31.798" endtime="20220211 10:03:31.845"/>
</kw>
<status status="PASS" starttime="20220211 10:03:30.331" endtime="20220211 10:03:31.846"/>
</kw>
<status status="PASS" starttime="20220211 10:03:25.553" endtime="20220211 10:03:31.846"/>
</test>
<status status="PASS" starttime="20220211 10:03:25.543" endtime="20220211 10:03:31.848"/>
</suite>
<suite id="s1-s9" name="viewPolicies" source="C:\Users\chaitanya\Downloads\PaisaPlan\Corporate\Tests\viewPolicies.robot">
<test id="s1-s9-t1" name="View Policies">
<kw name="Open Website" library="corporateRes">
<kw name="Open Browser" library="SeleniumLibrary">
<arg>${URL}</arg>
<arg>${BROWSER}</arg>
<doc>Opens a new browser instance to the optional ``url``.</doc>
<msg timestamp="20220211 10:03:31.863" level="INFO">Opening browser 'chrome' to base url 'https://uat.paisaplan.in/corporate'.</msg>
<status status="PASS" starttime="20220211 10:03:31.862" endtime="20220211 10:03:33.477"/>
</kw>
<kw name="Maximize Browser Window" library="SeleniumLibrary">
<doc>Maximizes current browser window.</doc>
<status status="PASS" starttime="20220211 10:03:33.477" endtime="20220211 10:03:33.599"/>
</kw>
<status status="PASS" starttime="20220211 10:03:31.862" endtime="20220211 10:03:33.599"/>
</kw>
<kw name="Login User" library="corporateRes">
<kw name="Click Button" library="SeleniumLibrary">
<arg>${LOGIN-BUTTON}</arg>
<doc>Clicks the button identified by ``locator``.</doc>
<msg timestamp="20220211 10:03:33.601" level="INFO">Clicking button '//html/body/div/div[2]/div/div[3]/button[1]'.</msg>
<status status="PASS" starttime="20220211 10:03:33.600" endtime="20220211 10:03:34.429"/>
</kw>
<kw name="Input Text" library="SeleniumLibrary">
<arg>${USERNAME}</arg>
<arg>santosh.n</arg>
<doc>Types the given ``text`` into the text field identified by ``locator``.</doc>
<msg timestamp="20220211 10:03:34.429" level="INFO">Typing text 'santosh.n' into text field 'id = username'.</msg>
<status status="PASS" starttime="20220211 10:03:34.429" endtime="20220211 10:03:34.517"/>
</kw>
<kw name="Input Password" library="SeleniumLibrary">
<arg>${PASSWORD}</arg>
<arg>test</arg>
<doc>Types the given password into the text field identified by ``locator``.</doc>
<msg timestamp="20220211 10:03:34.517" level="INFO">Typing password into text field 'id = password'.</msg>
<msg timestamp="20220211 10:03:34.561" level="INFO">Temporally setting log level to: NONE</msg>
<msg timestamp="20220211 10:03:34.613" level="INFO">Log level changed from NONE to INFO.</msg>
<status status="PASS" starttime="20220211 10:03:34.517" endtime="20220211 10:03:34.613"/>
</kw>
<kw name="Wait Until Page Contains Element" library="SeleniumLibrary">
<arg>${SUBMIT}</arg>
<doc>Waits until the element ``locator`` appears on the current page.</doc>
<status status="PASS" starttime="20220211 10:03:34.614" endtime="20220211 10:03:34.629"/>
</kw>
<kw name="Click Element" library="SeleniumLibrary">
<arg>${SUBMIT}</arg>
<doc>Click the element identified by ``locator``.</doc>
<msg timestamp="20220211 10:03:34.630" level="INFO">Clicking element '//input[@id='kc-login']'.</msg>
<status status="PASS" starttime="20220211 10:03:34.629" endtime="20220211 10:03:34.991"/>
</kw>
<status status="PASS" starttime="20220211 10:03:33.600" endtime="20220211 10:03:34.991"/>
</kw>
<kw name="View all" library="corporateRes">
<kw name="Wait Until Page Contains Element" library="SeleniumLibrary">
<arg>${VIEW-ALL}</arg>
<doc>Waits until the element ``locator`` appears on the current page.</doc>
<status status="PASS" starttime="20220211 10:03:34.992" endtime="20220211 10:03:36.349"/>
</kw>
<kw name="Click Element" library="SeleniumLibrary">
<arg>${VIEW-ALL}</arg>
<doc>Click the element identified by ``locator``.</doc>
<msg timestamp="20220211 10:03:36.350" level="INFO">Clicking element '//a[normalize-space()='ViewAll']'.</msg>
<status status="PASS" starttime="20220211 10:03:36.349" endtime="20220211 10:03:36.555"/>
</kw>
<status status="PASS" starttime="20220211 10:03:34.992" endtime="20220211 10:03:36.555"/>
</kw>
<status status="PASS" starttime="20220211 10:03:31.861" endtime="20220211 10:03:36.555"/>
</test>
<status status="PASS" starttime="20220211 10:03:31.849" endtime="20220211 10:03:36.557"/>
</suite>
<status status="PASS" starttime="20220211 10:02:38.925" endtime="20220211 10:03:36.559"/>
</suite>
<statistics>
<total>
<stat pass="9" fail="0" skip="0">All Tests</stat>
</total>
<tag>
</tag>
<suite>
<stat pass="9" fail="0" skip="0" id="s1" name="Tests">Tests</stat>
<stat pass="1" fail="0" skip="0" id="s1-s1" name="addingAnnexure">Tests.addingAnnexure</stat>
<stat pass="1" fail="0" skip="0" id="s1-s2" name="addPolicy">Tests.addPolicy</stat>
<stat pass="1" fail="0" skip="0" id="s1-s3" name="addPolicyManually">Tests.addPolicyManually</stat>
<stat pass="1" fail="0" skip="0" id="s1-s4" name="claimHistory">Tests.claimHistory</stat>
<stat pass="1" fail="0" skip="0" id="s1-s5" name="Endorsement">Tests.Endorsement</stat>
<stat pass="1" fail="0" skip="0" id="s1-s6" name="Login">Tests.Login</stat>
<stat pass="1" fail="0" skip="0" id="s1-s7" name="renewHistory">Tests.renewHistory</stat>
<stat pass="1" fail="0" skip="0" id="s1-s8" name="uploadPolicy">Tests.uploadPolicy</stat>
<stat pass="1" fail="0" skip="0" id="s1-s9" name="viewPolicies">Tests.viewPolicies</stat>
</suite>
</statistics>
<errors>
<msg timestamp="20220211 10:03:16.038" level="ERROR">Error in file 'C:\Users\chaitanya\Downloads\PaisaPlan\Corporate\Tests\login.robot' on line 2: Resource file '..\..\Resources\corporateRes.robot' does not exist.</msg>
</errors>
</robot>
